# JRE version: 7.0_21-b02
# Java VM: OpenJDK 64-Bit Server VM (23.7-b01 mixed mode linux-amd64 compressed oops)
Heap
 PSYoungGen      total 258240K, used 66647K [0x00000000ec2b0000, 0x00000000fd1b0000, 0x0000000100000000)
  eden space 242624K, 22% used [0x00000000ec2b0000,0x00000000ef7eb560,0x00000000fafa0000)
  from space 15616K, 77% used [0x00000000fc010000,0x00000000fcbea778,0x00000000fcf50000)
  to   space 16832K, 0% used [0x00000000fafa0000,0x00000000fafa0000,0x00000000fc010000)
 ParOldGen       total 40640K, used 23355K [0x00000000c4800000, 0x00000000c6fb0000, 0x00000000ec2b0000)
  object space 40640K, 57% used [0x00000000c4800000,0x00000000c5ecee40,0x00000000c6fb0000)
 PSPermGen       total 36992K, used 36932K [0x00000000ba200000, 0x00000000bc620000, 0x00000000c4800000)
  object space 36992K, 99% used [0x00000000ba200000,0x00000000bc6112d0,0x00000000bc620000)
GC Heap History (10 events):
Event: 2.123 GC heap before
{Heap before GC invocations=4 (full 0):
 PSYoungGen      total 33088K, used 33056K [0x00000000ec2b0000, 0x00000000f0350000, 0x0000000100000000)
  eden space 30592K, 100% used [0x00000000ec2b0000,0x00000000ee090000,0x00000000ee090000)
  from space 2496K, 98% used [0x00000000ee090000,0x00000000ee2f8020,0x00000000ee300000)
  to   space 2496K, 0% used [0x00000000f00e0000,0x00000000f00e0000,0x00000000f0350000)
 ParOldGen       total 40640K, used 2809K [0x00000000c4800000, 0x00000000c6fb0000, 0x00000000ec2b0000)
  object space 40640K, 6% used [0x00000000c4800000,0x00000000c4abe770,0x00000000c6fb0000)
 PSPermGen       total 21248K, used 13957K [0x00000000ba200000, 0x00000000bb6c0000, 0x00000000c4800000)
  object space 21248K, 65% used [0x00000000ba200000,0x00000000bafa1560,0x00000000bb6c0000)
Event: 2.131 GC heap after
Heap after GC invocations=4 (full 0):
 PSYoungGen      total 63680K, used 2480K [0x00000000ec2b0000, 0x00000000f0350000, 0x0000000100000000)
  eden space 61184K, 0% used [0x00000000ec2b0000,0x00000000ec2b0000,0x00000000efe70000)
  from space 2496K, 99% used [0x00000000f00e0000,0x00000000f034c010,0x00000000f0350000)
  to   space 2496K, 0% used [0x00000000efe70000,0x00000000efe70000,0x00000000f00e0000)
 ParOldGen       total 40640K, used 5626K [0x00000000c4800000, 0x00000000c6fb0000, 0x00000000ec2b0000)
  object space 40640K, 13% used [0x00000000c4800000,0x00000000c4d7ea18,0x00000000c6fb0000)
 PSPermGen       total 21248K, used 13957K [0x00000000ba200000, 0x00000000bb6c0000, 0x00000000c4800000)
  object space 21248K, 65% used [0x00000000ba200000,0x00000000bafa1560,0x00000000bb6c0000)
}
Event: 2.856 GC heap before
{Heap before GC invocations=5 (full 0):
 PSYoungGen      total 63680K, used 63664K [0x00000000ec2b0000, 0x00000000f0350000, 0x0000000100000000)
  eden space 61184K, 100% used [0x00000000ec2b0000,0x00000000efe70000,0x00000000efe70000)
  from space 2496K, 99% used [0x00000000f00e0000,0x00000000f034c010,0x00000000f0350000)
  to   space 2496K, 0% used [0x00000000efe70000,0x00000000efe70000,0x00000000f00e0000)
 ParOldGen       total 40640K, used 5626K [0x00000000c4800000, 0x00000000c6fb0000, 0x00000000ec2b0000)
  object space 40640K, 13% used [0x00000000c4800000,0x00000000c4d7ea18,0x00000000c6fb0000)
 PSPermGen       total 21248K, used 14598K [0x00000000ba200000, 0x00000000bb6c0000, 0x00000000c4800000)
  object space 21248K, 68% used [0x00000000ba200000,0x00000000bb0418b0,0x00000000bb6c0000)
Event: 2.865 GC heap after
Heap after GC invocations=5 (full 0):
 PSYoungGen      total 63680K, used 2496K [0x00000000ec2b0000, 0x00000000f4970000, 0x0000000100000000)
  eden space 61184K, 0% used [0x00000000ec2b0000,0x00000000ec2b0000,0x00000000efe70000)
  from space 2496K, 100% used [0x00000000efe70000,0x00000000f00e0000,0x00000000f00e0000)
  to   space 7808K, 0% used [0x00000000f41d0000,0x00000000f41d0000,0x00000000f4970000)
 ParOldGen       total 40640K, used 9950K [0x00000000c4800000, 0x00000000c6fb0000, 0x00000000ec2b0000)
  object space 40640K, 24% used [0x00000000c4800000,0x00000000c51b7b00,0x00000000c6fb0000)
 PSPermGen       total 21248K, used 14598K [0x00000000ba200000, 0x00000000bb6c0000, 0x00000000c4800000)
  object space 21248K, 68% used [0x00000000ba200000,0x00000000bb0418b0,0x00000000bb6c0000)
}
Event: 4.739 GC heap before
{Heap before GC invocations=6 (full 0):
 PSYoungGen      total 63680K, used 63680K [0x00000000ec2b0000, 0x00000000f4970000, 0x0000000100000000)
  eden space 61184K, 100% used [0x00000000ec2b0000,0x00000000efe70000,0x00000000efe70000)
  from space 2496K, 100% used [0x00000000efe70000,0x00000000f00e0000,0x00000000f00e0000)
  to   space 7808K, 0% used [0x00000000f41d0000,0x00000000f41d0000,0x00000000f4970000)
 ParOldGen       total 40640K, used 9950K [0x00000000c4800000, 0x00000000c6fb0000, 0x00000000ec2b0000)
  object space 40640K, 24% used [0x00000000c4800000,0x00000000c51b7b00,0x00000000c6fb0000)
 PSPermGen       total 21248K, used 15861K [0x00000000ba200000, 0x00000000bb6c0000, 0x00000000c4800000)
  object space 21248K, 74% used [0x00000000ba200000,0x00000000bb17d478,0x00000000bb6c0000)
Event: 4.749 GC heap after
Heap after GC invocations=6 (full 0):
 PSYoungGen      total 129728K, used 6128K [0x00000000ec2b0000, 0x00000000f4a50000, 0x0000000100000000)
  eden space 121920K, 0% used [0x00000000ec2b0000,0x00000000ec2b0000,0x00000000f39c0000)
  from space 7808K, 78% used [0x00000000f41d0000,0x00000000f47cc3c0,0x00000000f4970000)
  to   space 8256K, 0% used [0x00000000f39c0000,0x00000000f39c0000,0x00000000f41d0000)
 ParOldGen       total 40640K, used 9950K [0x00000000c4800000, 0x00000000c6fb0000, 0x00000000ec2b0000)
  object space 40640K, 24% used [0x00000000c4800000,0x00000000c51b7b00,0x00000000c6fb0000)
 PSPermGen       total 21248K, used 15861K [0x00000000ba200000, 0x00000000bb6c0000, 0x00000000c4800000)
  object space 21248K, 74% used [0x00000000ba200000,0x00000000bb17d478,0x00000000bb6c0000)
}
Event: 6.833 GC heap before
{Heap before GC invocations=7 (full 0):
 PSYoungGen      total 129728K, used 128048K [0x00000000ec2b0000, 0x00000000f4a50000, 0x0000000100000000)
  eden space 121920K, 100% used [0x00000000ec2b0000,0x00000000f39c0000,0x00000000f39c0000)
  from space 7808K, 78% used [0x00000000f41d0000,0x00000000f47cc3c0,0x00000000f4970000)
  to   space 8256K, 0% used [0x00000000f39c0000,0x00000000f39c0000,0x00000000f41d0000)
 ParOldGen       total 40640K, used 9950K [0x00000000c4800000, 0x00000000c6fb0000, 0x00000000ec2b0000)
  object space 40640K, 24% used [0x00000000c4800000,0x00000000c51b7b00,0x00000000c6fb0000)
 PSPermGen       total 31424K, used 31418K [0x00000000ba200000, 0x00000000bc0b0000, 0x00000000c4800000)
  object space 31424K, 99% used [0x00000000ba200000,0x00000000bc0ae8f8,0x00000000bc0b0000)
Event: 6.859 GC heap after
Heap after GC invocations=7 (full 0):
 PSYoungGen      total 130176K, used 8244K [0x00000000ec2b0000, 0x00000000fcf50000, 0x0000000100000000)
  eden space 121920K, 0% used [0x00000000ec2b0000,0x00000000ec2b0000,0x00000000f39c0000)
  from space 8256K, 99% used [0x00000000f39c0000,0x00000000f41cd010,0x00000000f41d0000)
  to   space 15616K, 0% used [0x00000000fc010000,0x00000000fc010000,0x00000000fcf50000)
 ParOldGen       total 40640K, used 22041K [0x00000000c4800000, 0x00000000c6fb0000, 0x00000000ec2b0000)
  object space 40640K, 54% used [0x00000000c4800000,0x00000000c5d86610,0x00000000c6fb0000)
 PSPermGen       total 31424K, used 31418K [0x00000000ba200000, 0x00000000bc0b0000, 0x00000000c4800000)
  object space 31424K, 99% used [0x00000000ba200000,0x00000000bc0ae8f8,0x00000000bc0b0000)
}
Event: 9.782 GC heap before
{Heap before GC invocations=8 (full 0):
 PSYoungGen      total 130176K, used 130164K [0x00000000ec2b0000, 0x00000000fcf50000, 0x0000000100000000)
  eden space 121920K, 100% used [0x00000000ec2b0000,0x00000000f39c0000,0x00000000f39c0000)
  from space 8256K, 99% used [0x00000000f39c0000,0x00000000f41cd010,0x00000000f41d0000)
  to   space 15616K, 0% used [0x00000000fc010000,0x00000000fc010000,0x00000000fcf50000)
 ParOldGen       total 40640K, used 22041K [0x00000000c4800000, 0x00000000c6fb0000, 0x00000000ec2b0000)
  object space 40640K, 54% used [0x00000000c4800000,0x00000000c5d86610,0x00000000c6fb0000)
 PSPermGen       total 36800K, used 36789K [0x00000000ba200000, 0x00000000bc5f0000, 0x00000000c4800000)
  object space 36800K, 99% used [0x00000000ba200000,0x00000000bc5ed488,0x00000000bc5f0000)
Event: 9.806 GC heap after
Heap after GC invocations=8 (full 0):
 PSYoungGen      total 258240K, used 12137K [0x00000000ec2b0000, 0x00000000fd1b0000, 0x0000000100000000)
  eden space 242624K, 0% used [0x00000000ec2b0000,0x00000000ec2b0000,0x00000000fafa0000)
  from space 15616K, 77% used [0x00000000fc010000,0x00000000fcbea778,0x00000000fcf50000)
  to   space 16832K, 0% used [0x00000000fafa0000,0x00000000fafa0000,0x00000000fc010000)
 ParOldGen       total 40640K, used 23355K [0x00000000c4800000, 0x00000000c6fb0000, 0x00000000ec2b0000)
  object space 40640K, 57% used [0x00000000c4800000,0x00000000c5ecee40,0x00000000c6fb0000)
 PSPermGen       total 36800K, used 36789K [0x00000000ba200000, 0x00000000bc5f0000, 0x00000000c4800000)
  object space 36800K, 99% used [0x00000000ba200000,0x00000000bc5ed488,0x00000000bc5f0000)
}

