# JRE version: 7.0_21-b02
# Java VM: OpenJDK 64-Bit Server VM (23.7-b01 mixed mode linux-amd64 compressed oops)
Heap
 PSYoungGen      total 253632K, used 65385K [0x00000000ec2b0000, 0x00000000fd590000, 0x0000000100000000)
  eden space 234048K, 20% used [0x00000000ec2b0000,0x00000000ef1496a8,0x00000000fa740000)
  from space 19584K, 90% used [0x00000000fbd10000,0x00000000fce50f48,0x00000000fd030000)
  to   space 22336K, 0% used [0x00000000fa740000,0x00000000fa740000,0x00000000fbd10000)
 ParOldGen       total 40640K, used 26750K [0x00000000c4800000, 0x00000000c6fb0000, 0x00000000ec2b0000)
  object space 40640K, 65% used [0x00000000c4800000,0x00000000c621fa70,0x00000000c6fb0000)
 PSPermGen       total 40832K, used 40810K [0x00000000ba200000, 0x00000000bc9e0000, 0x00000000c4800000)
  object space 40832K, 99% used [0x00000000ba200000,0x00000000bc9da8b8,0x00000000bc9e0000)
GC Heap History (10 events):
Event: 2.085 GC heap before
{Heap before GC invocations=4 (full 0):
 PSYoungGen      total 33088K, used 33072K [0x00000000ec2b0000, 0x00000000f0350000, 0x0000000100000000)
  eden space 30592K, 100% used [0x00000000ec2b0000,0x00000000ee090000,0x00000000ee090000)
  from space 2496K, 99% used [0x00000000ee090000,0x00000000ee2fc010,0x00000000ee300000)
  to   space 2496K, 0% used [0x00000000f00e0000,0x00000000f00e0000,0x00000000f0350000)
 ParOldGen       total 40640K, used 2865K [0x00000000c4800000, 0x00000000c6fb0000, 0x00000000ec2b0000)
  object space 40640K, 7% used [0x00000000c4800000,0x00000000c4acc6a0,0x00000000c6fb0000)
 PSPermGen       total 21248K, used 13959K [0x00000000ba200000, 0x00000000bb6c0000, 0x00000000c4800000)
  object space 21248K, 65% used [0x00000000ba200000,0x00000000bafa1e38,0x00000000bb6c0000)
Event: 2.093 GC heap after
Heap after GC invocations=4 (full 0):
 PSYoungGen      total 63680K, used 2464K [0x00000000ec2b0000, 0x00000000f0350000, 0x0000000100000000)
  eden space 61184K, 0% used [0x00000000ec2b0000,0x00000000ec2b0000,0x00000000efe70000)
  from space 2496K, 98% used [0x00000000f00e0000,0x00000000f0348020,0x00000000f0350000)
  to   space 2496K, 0% used [0x00000000efe70000,0x00000000efe70000,0x00000000f00e0000)
 ParOldGen       total 40640K, used 5687K [0x00000000c4800000, 0x00000000c6fb0000, 0x00000000ec2b0000)
  object space 40640K, 13% used [0x00000000c4800000,0x00000000c4d8df40,0x00000000c6fb0000)
 PSPermGen       total 21248K, used 13959K [0x00000000ba200000, 0x00000000bb6c0000, 0x00000000c4800000)
  object space 21248K, 65% used [0x00000000ba200000,0x00000000bafa1e38,0x00000000bb6c0000)
}
Event: 2.847 GC heap before
{Heap before GC invocations=5 (full 0):
 PSYoungGen      total 63680K, used 63648K [0x00000000ec2b0000, 0x00000000f0350000, 0x0000000100000000)
  eden space 61184K, 100% used [0x00000000ec2b0000,0x00000000efe70000,0x00000000efe70000)
  from space 2496K, 98% used [0x00000000f00e0000,0x00000000f0348020,0x00000000f0350000)
  to   space 2496K, 0% used [0x00000000efe70000,0x00000000efe70000,0x00000000f00e0000)
 ParOldGen       total 40640K, used 5687K [0x00000000c4800000, 0x00000000c6fb0000, 0x00000000ec2b0000)
  object space 40640K, 13% used [0x00000000c4800000,0x00000000c4d8df40,0x00000000c6fb0000)
 PSPermGen       total 21248K, used 14602K [0x00000000ba200000, 0x00000000bb6c0000, 0x00000000c4800000)
  object space 21248K, 68% used [0x00000000ba200000,0x00000000bb042900,0x00000000bb6c0000)
Event: 2.856 GC heap after
Heap after GC invocations=5 (full 0):
 PSYoungGen      total 63680K, used 2496K [0x00000000ec2b0000, 0x00000000f4970000, 0x0000000100000000)
  eden space 61184K, 0% used [0x00000000ec2b0000,0x00000000ec2b0000,0x00000000efe70000)
  from space 2496K, 100% used [0x00000000efe70000,0x00000000f00e0000,0x00000000f00e0000)
  to   space 7808K, 0% used [0x00000000f41d0000,0x00000000f41d0000,0x00000000f4970000)
 ParOldGen       total 40640K, used 10016K [0x00000000c4800000, 0x00000000c6fb0000, 0x00000000ec2b0000)
  object space 40640K, 24% used [0x00000000c4800000,0x00000000c51c83f0,0x00000000c6fb0000)
 PSPermGen       total 21248K, used 14602K [0x00000000ba200000, 0x00000000bb6c0000, 0x00000000c4800000)
  object space 21248K, 68% used [0x00000000ba200000,0x00000000bb042900,0x00000000bb6c0000)
}
Event: 3.763 GC heap before
{Heap before GC invocations=6 (full 0):
 PSYoungGen      total 63680K, used 63680K [0x00000000ec2b0000, 0x00000000f4970000, 0x0000000100000000)
  eden space 61184K, 100% used [0x00000000ec2b0000,0x00000000efe70000,0x00000000efe70000)
  from space 2496K, 100% used [0x00000000efe70000,0x00000000f00e0000,0x00000000f00e0000)
  to   space 7808K, 0% used [0x00000000f41d0000,0x00000000f41d0000,0x00000000f4970000)
 ParOldGen       total 40640K, used 10016K [0x00000000c4800000, 0x00000000c6fb0000, 0x00000000ec2b0000)
  object space 40640K, 24% used [0x00000000c4800000,0x00000000c51c83f0,0x00000000c6fb0000)
 PSPermGen       total 21248K, used 18865K [0x00000000ba200000, 0x00000000bb6c0000, 0x00000000c4800000)
  object space 21248K, 88% used [0x00000000ba200000,0x00000000bb46c598,0x00000000bb6c0000)
Event: 3.778 GC heap after
Heap after GC invocations=6 (full 0):
 PSYoungGen      total 126208K, used 7799K [0x00000000ec2b0000, 0x00000000f5130000, 0x0000000100000000)
  eden space 118400K, 0% used [0x00000000ec2b0000,0x00000000ec2b0000,0x00000000f3650000)
  from space 7808K, 99% used [0x00000000f41d0000,0x00000000f496dd78,0x00000000f4970000)
  to   space 11776K, 0% used [0x00000000f3650000,0x00000000f3650000,0x00000000f41d0000)
 ParOldGen       total 40640K, used 14596K [0x00000000c4800000, 0x00000000c6fb0000, 0x00000000ec2b0000)
  object space 40640K, 35% used [0x00000000c4800000,0x00000000c5641178,0x00000000c6fb0000)
 PSPermGen       total 21248K, used 18865K [0x00000000ba200000, 0x00000000bb6c0000, 0x00000000c4800000)
  object space 21248K, 88% used [0x00000000ba200000,0x00000000bb46c598,0x00000000bb6c0000)
}
Event: 7.094 GC heap before
{Heap before GC invocations=7 (full 0):
 PSYoungGen      total 126208K, used 126199K [0x00000000ec2b0000, 0x00000000f5130000, 0x0000000100000000)
  eden space 118400K, 100% used [0x00000000ec2b0000,0x00000000f3650000,0x00000000f3650000)
  from space 7808K, 99% used [0x00000000f41d0000,0x00000000f496dd78,0x00000000f4970000)
  to   space 11776K, 0% used [0x00000000f3650000,0x00000000f3650000,0x00000000f41d0000)
 ParOldGen       total 40640K, used 14596K [0x00000000c4800000, 0x00000000c6fb0000, 0x00000000ec2b0000)
  object space 40640K, 35% used [0x00000000c4800000,0x00000000c5641178,0x00000000c6fb0000)
 PSPermGen       total 32192K, used 32018K [0x00000000ba200000, 0x00000000bc170000, 0x00000000c4800000)
  object space 32192K, 99% used [0x00000000ba200000,0x00000000bc144b70,0x00000000bc170000)
Event: 7.121 GC heap after
Heap after GC invocations=7 (full 0):
 PSYoungGen      total 130176K, used 11749K [0x00000000ec2b0000, 0x00000000fd030000, 0x0000000100000000)
  eden space 118400K, 0% used [0x00000000ec2b0000,0x00000000ec2b0000,0x00000000f3650000)
  from space 11776K, 99% used [0x00000000f3650000,0x00000000f41c9668,0x00000000f41d0000)
  to   space 19584K, 0% used [0x00000000fbd10000,0x00000000fbd10000,0x00000000fd030000)
 ParOldGen       total 40640K, used 25804K [0x00000000c4800000, 0x00000000c6fb0000, 0x00000000ec2b0000)
  object space 40640K, 63% used [0x00000000c4800000,0x00000000c6133240,0x00000000c6fb0000)
 PSPermGen       total 32192K, used 32018K [0x00000000ba200000, 0x00000000bc170000, 0x00000000c4800000)
  object space 32192K, 99% used [0x00000000ba200000,0x00000000bc144b70,0x00000000bc170000)
}
Event: 9.436 GC heap before
{Heap before GC invocations=8 (full 0):
 PSYoungGen      total 130176K, used 130149K [0x00000000ec2b0000, 0x00000000fd030000, 0x0000000100000000)
  eden space 118400K, 100% used [0x00000000ec2b0000,0x00000000f3650000,0x00000000f3650000)
  from space 11776K, 99% used [0x00000000f3650000,0x00000000f41c9668,0x00000000f41d0000)
  to   space 19584K, 0% used [0x00000000fbd10000,0x00000000fbd10000,0x00000000fd030000)
 ParOldGen       total 40640K, used 25804K [0x00000000c4800000, 0x00000000c6fb0000, 0x00000000ec2b0000)
  object space 40640K, 63% used [0x00000000c4800000,0x00000000c6133240,0x00000000c6fb0000)
 PSPermGen       total 39680K, used 39572K [0x00000000ba200000, 0x00000000bc8c0000, 0x00000000c4800000)
  object space 39680K, 99% used [0x00000000ba200000,0x00000000bc8a5140,0x00000000bc8c0000)
Event: 9.465 GC heap after
Heap after GC invocations=8 (full 0):
 PSYoungGen      total 253632K, used 17667K [0x00000000ec2b0000, 0x00000000fd590000, 0x0000000100000000)
  eden space 234048K, 0% used [0x00000000ec2b0000,0x00000000ec2b0000,0x00000000fa740000)
  from space 19584K, 90% used [0x00000000fbd10000,0x00000000fce50f48,0x00000000fd030000)
  to   space 22336K, 0% used [0x00000000fa740000,0x00000000fa740000,0x00000000fbd10000)
 ParOldGen       total 40640K, used 26750K [0x00000000c4800000, 0x00000000c6fb0000, 0x00000000ec2b0000)
  object space 40640K, 65% used [0x00000000c4800000,0x00000000c621fa70,0x00000000c6fb0000)
 PSPermGen       total 39680K, used 39572K [0x00000000ba200000, 0x00000000bc8c0000, 0x00000000c4800000)
  object space 39680K, 99% used [0x00000000ba200000,0x00000000bc8a5140,0x00000000bc8c0000)
}

